<?xml version="1.0" encoding="UTF-8"?>
<!-- Generated by org.testng.reporters.JUnitReportReporter -->
<testsuite skipped="0" hostname="Karlapudi" name="testngTutorials.Program1" tests="3" failures="0" timestamp="21 May 2017 22:34:00 GMT" time="0.036" errors="0">
  <testcase name="SelectWindow" time="0.003" classname="testngTutorials.Program1"/>
  <testcase name="loginApplication" time="0.005" classname="testngTutorials.Program1"/>
  <testcase name="EnterCredentials" time="0.028" classname="testngTutorials.Program1"/>
</testsuite> <!-- testngTutorials.Program1 -->
